PLUMED: PLUMED is starting
PLUMED: Version: 2.6.2 (git: Unknown) compiled on Jun  1 2021 at 15:07:12
PLUMED: Please cite these papers when using PLUMED [1][2]
PLUMED: For further information see the PLUMED web page at http://www.plumed.org
PLUMED: Root: /home/lujunbo/bin/cp2k-8.2/tools/toolchain/install/plumed-2.6.2/lib/plumed
PLUMED: For installed feature, see /home/lujunbo/bin/cp2k-8.2/tools/toolchain/install/plumed-2.6.2/lib/plumed/src/config/config.txt
PLUMED: Molecular dynamics engine: cp2k
PLUMED: Precision of reals: 8
PLUMED: Running over 24 nodes
PLUMED: Number of threads: 1
PLUMED: Cache line size: 512
PLUMED: Number of atoms: 8
PLUMED: File suffix: 
PLUMED: FILE: ./plumed.dat
PLUMED: Action ENERGY
PLUMED:   with label ene
PLUMED:   Bibliography [3][4]
PLUMED: Action TORSION
PLUMED:   with label phi
PLUMED:   between atoms 5 1 2 8
PLUMED:   using periodic boundary conditions
PLUMED: Action METAD
PLUMED:   with label metad
PLUMED:   with arguments phi
PLUMED:   added component to this action:  metad.bias 
PLUMED:   Gaussian width  0.100000  Gaussian height 1.000000
PLUMED:   Gaussian deposition pace 30
PLUMED:   Gaussian file HILLS
PLUMED:   Well-Tempered Bias Factor 20.000000
PLUMED:   Hills relaxation time (tau) 0.118481
PLUMED:   KbT 0.415723
PLUMED:   Grid min -pi
PLUMED:   Grid max pi
PLUMED:   Grid bin 400
PLUMED:   Grid uses spline interpolation
PLUMED:   added component to this action:  metad.rbias 
PLUMED:   added component to this action:  metad.rct 
PLUMED:   The c(t) reweighting factor will be calculated every 1 hills
PLUMED:   added component to this action:  metad.work 
PLUMED:   Bibliography [5][6][7]
PLUMED: Action PRINT
PLUMED:   with label @3
PLUMED:   with stride 1
PLUMED:   with arguments phi metad.bias metad.rbias metad.rct metad.work ene
PLUMED:   on file COLVAR
PLUMED:   with format  %f
PLUMED: Action FLUSH
PLUMED:   with label @4
PLUMED:   with stride 1
PLUMED: END FILE: ./plumed.dat
PLUMED: Timestep: 0.000500
PLUMED: KbT has not been set by the MD engine
PLUMED: It should be set by hand where needed
PLUMED: Relevant bibliography:
PLUMED:   [1] The PLUMED consortium, Nat. Methods 16, 670 (2019)
PLUMED:   [2] Tribello, Bonomi, Branduardi, Camilloni, and Bussi, Comput. Phys. Commun. 185, 604 (2014)
PLUMED:   [3] Bartels and Karplus, J. Phys. Chem. B 102, 865 (1998)
PLUMED:   [4] Bonomi and Parrinello, J. Comp. Chem. 30, 1615 (2009)
PLUMED:   [5] Laio and Parrinello, PNAS 99, 12562 (2002)
PLUMED:   [6] Barducci, Bussi, and Parrinello, Phys. Rev. Lett. 100, 020603 (2008)
PLUMED:   [7] Pratyush and Parrinello, J. Phys. Chem. B, 119, 736 (2015)
PLUMED: Please read and cite where appropriate!
PLUMED: Finished setup
PLUMED:                                               Cycles        Total      Average      Minumum      Maximum
PLUMED:                                                    1    17.346739    17.346739    17.346739    17.346739
PLUMED: 1 Prepare dependencies                          6000     0.012096     0.000002     0.000000     0.000217
PLUMED: 2 Sharing data                                  6000     0.010480     0.000002     0.000001     0.000421
PLUMED: 3 Waiting for data                              3000     0.018910     0.000006     0.000004     0.000078
PLUMED: 4 Calculating (forward loop)                    3000     0.075326     0.000025     0.000016     0.000310
PLUMED: 5 Applying (backward loop)                      3000     0.018480     0.000006     0.000004     0.000389
PLUMED: 6 Update                                        3000    17.138441     0.005713     0.000731     0.149124
