PLUMED: PLUMED is starting
PLUMED: Version: 2.6.2 (git: Unknown) compiled on Jun  1 2021 at 15:07:12
PLUMED: Please cite these papers when using PLUMED [1][2]
PLUMED: For further information see the PLUMED web page at http://www.plumed.org
PLUMED: Root: /home/lujunbo/bin/cp2k-8.2/tools/toolchain/install/plumed-2.6.2/lib/plumed
PLUMED: For installed feature, see /home/lujunbo/bin/cp2k-8.2/tools/toolchain/install/plumed-2.6.2/lib/plumed/src/config/config.txt
PLUMED: Molecular dynamics engine: cp2k
PLUMED: Precision of reals: 8
PLUMED: Running over 24 nodes
PLUMED: Number of threads: 1
PLUMED: Cache line size: 512
PLUMED: Number of atoms: 8
PLUMED: File suffix: 
PLUMED: FILE: ./plumed.dat
PLUMED: Action ENERGY
PLUMED:   with label ene
PLUMED:   Bibliography [3][4]
PLUMED: Action TORSION
PLUMED:   with label phi
PLUMED:   between atoms 5 1 2 8
PLUMED:   using periodic boundary conditions
PLUMED: Action PRINT
PLUMED:   with label @2
PLUMED:   with stride 1
PLUMED:   with arguments phi ene
PLUMED:   on file COLVAR
PLUMED:   with format  %f
PLUMED: Action FLUSH
PLUMED:   with label @3
PLUMED:   with stride 1
PLUMED: END FILE: ./plumed.dat
PLUMED: Timestep: 0.000500
PLUMED: KbT has not been set by the MD engine
PLUMED: It should be set by hand where needed
PLUMED: Relevant bibliography:
PLUMED:   [1] The PLUMED consortium, Nat. Methods 16, 670 (2019)
PLUMED:   [2] Tribello, Bonomi, Branduardi, Camilloni, and Bussi, Comput. Phys. Commun. 185, 604 (2014)
PLUMED:   [3] Bartels and Karplus, J. Phys. Chem. B 102, 865 (1998)
PLUMED:   [4] Bonomi and Parrinello, J. Comp. Chem. 30, 1615 (2009)
PLUMED: Please read and cite where appropriate!
PLUMED: Finished setup
PLUMED:                                               Cycles        Total      Average      Minumum      Maximum
PLUMED:                                                    1     0.661139     0.661139     0.661139     0.661139
PLUMED: 1 Prepare dependencies                          2000     0.003418     0.000002     0.000000     0.000316
PLUMED: 2 Sharing data                                  2000     0.006832     0.000003     0.000000     0.002938
PLUMED: 3 Waiting for data                              1000     0.007821     0.000008     0.000005     0.000565
PLUMED: 4 Calculating (forward loop)                    1000     0.022939     0.000023     0.000010     0.003815
PLUMED: 5 Applying (backward loop)                      1000     0.005748     0.000006     0.000004     0.000579
PLUMED: 6 Update                                        1000     0.320251     0.000320     0.000030     0.052282
